Build started 12/1/2016 12:22:12 PM.
     1>Project "C:\Users\Victor\Downloads\a4\a4.vcxproj" on node 2 (Build target(s)).
     1>ClCompile:
         C:\Program Files (x86)\Microsoft Visual Studio 14.0\VC\bin\CL.exe /c /ZI /nologo /W3 /WX- /Od /Oy- /D WIN32 /D _DEBUG /D _CONSOLE /D Qopenmp /D _UNICODE /D UNICODE /Gm /EHsc /RTC1 /MDd /GS /fp:precise /Zc:wchar_t /Zc:forScope /Zc:inline /openmp /Fo"build\Debug\\" /Fd"build\Debug\vc140.pdb" /FR"build\Debug\\" /Gd /TP /analyze- /errorReport:prompt main.cpp object.cpp parser.cpp raytracer.cpp
         raytracer.cpp
     1>c:\users\victor\downloads\a4\image.hpp(72): warning C4996: 'fopen': This function or variable may be unsafe. Consider using fopen_s instead. To disable deprecation, use _CRT_SECURE_NO_WARNINGS. See online help for details.
         c:\program files (x86)\windows kits\10\include\10.0.10150.0\ucrt\stdio.h(205): note: see declaration of 'fopen'
     1>c:\users\victor\downloads\a4\raytracer.cpp(158): warning C4018: '<': signed/unsigned mismatch
     1>c:\users\victor\downloads\a4\raytracer.cpp(226): warning C4018: '<': signed/unsigned mismatch
         parser.cpp
         object.cpp
     1>c:\users\victor\downloads\a4\object.cpp(151): warning C4305: 'return': truncation from 'int' to 'bool'
     1>c:\users\victor\downloads\a4\object.cpp(176): warning C4244: '=': conversion from 'double' to 'float', possible loss of data
     1>c:\users\victor\downloads\a4\object.cpp(179): warning C4244: '=': conversion from 'double' to 'float', possible loss of data
         main.cpp
     1>c:\users\victor\downloads\a4\main.cpp(35): warning C4101: 'raytracer': unreferenced local variable
         Generating Code...
       Link:
         C:\Program Files (x86)\Microsoft Visual Studio 14.0\VC\bin\link.exe /ERRORREPORT:PROMPT /OUT:"C:\Users\Victor\Downloads\a4\a4.exe" /INCREMENTAL /NOLOGO kernel32.lib user32.lib gdi32.lib winspool.lib comdlg32.lib advapi32.lib shell32.lib ole32.lib oleaut32.lib uuid.lib odbc32.lib odbccp32.lib /MANIFEST /MANIFESTUAC:"level='asInvoker' uiAccess='false'" /manifest:embed /Debug /PDB:"C:\Users\Victor\Downloads\a4\a4.pdb" /SUBSYSTEM:CONSOLE /TLBID:1 /DYNAMICBASE /NXCOMPAT /IMPLIB:"C:\Users\Victor\Downloads\a4\a4.lib" /MACHINE:X86 /SAFESEH build\Debug\main.obj
         build\Debug\object.obj
         build\Debug\parser.obj
         build\Debug\raytracer.obj
     1>main.obj : warning LNK4075: ignoring '/EDITANDCONTINUE' due to '/SAFESEH' specification
         a4.vcxproj -> C:\Users\Victor\Downloads\a4\a4.exe
       BscMake:
         C:\Program Files (x86)\Microsoft Visual Studio 14.0\VC\bin\bscmake.exe /nologo /o"C:\Users\Victor\Downloads\a4\a4.bsc" /n build\Debug\main.sbr build\Debug\object.sbr build\Debug\parser.sbr build\Debug\raytracer.sbr
     1>Done Building Project "C:\Users\Victor\Downloads\a4\a4.vcxproj" (Build target(s)).

Build succeeded.

Time Elapsed 00:00:15.47
